<?xml version="1.0" encoding="UTF-8"?>
<!-- Generated by org.testng.reporters.JUnitReportReporter -->
<testsuite skipped="0" hostname="Chaithanya-PC" name="BaseTestcase.BaseclassTests" tests="1" failures="0" timestamp="23 Aug 2020 12:44:25 GMT" time="28.176" errors="0">
  <testcase name="cases" time="28.176" classname="BaseTestcase.BaseclassTests"/>
</testsuite> <!-- BaseTestcase.BaseclassTests -->
